m:\cmp208\project\build\vs2017\psvita\debug\box2d.a
m:\cmp208\project\build\vs2017\box2d\psvita\debug\b2_broad_phase.o
m:\cmp208\project\build\vs2017\box2d\psvita\debug\b2_chain_shape.o
m:\cmp208\project\build\vs2017\box2d\psvita\debug\b2_circle_shape.o
m:\cmp208\project\build\vs2017\box2d\psvita\debug\b2_collide_circle.o
m:\cmp208\project\build\vs2017\box2d\psvita\debug\b2_collide_edge.o
m:\cmp208\project\build\vs2017\box2d\psvita\debug\b2_collide_polygon.o
m:\cmp208\project\build\vs2017\box2d\psvita\debug\b2_collision.o
m:\cmp208\project\build\vs2017\box2d\psvita\debug\b2_distance.o
m:\cmp208\project\build\vs2017\box2d\psvita\debug\b2_dynamic_tree.o
m:\cmp208\project\build\vs2017\box2d\psvita\debug\b2_edge_shape.o
m:\cmp208\project\build\vs2017\box2d\psvita\debug\b2_polygon_shape.o
m:\cmp208\project\build\vs2017\box2d\psvita\debug\b2_time_of_impact.o
m:\cmp208\project\build\vs2017\box2d\psvita\debug\b2_block_allocator.o
m:\cmp208\project\build\vs2017\box2d\psvita\debug\b2_draw.o
m:\cmp208\project\build\vs2017\box2d\psvita\debug\b2_math.o
m:\cmp208\project\build\vs2017\box2d\psvita\debug\b2_settings.o
m:\cmp208\project\build\vs2017\box2d\psvita\debug\b2_stack_allocator.o
m:\cmp208\project\build\vs2017\box2d\psvita\debug\b2_timer.o
m:\cmp208\project\build\vs2017\box2d\psvita\debug\b2_body.o
m:\cmp208\project\build\vs2017\box2d\psvita\debug\b2_chain_circle_contact.o
m:\cmp208\project\build\vs2017\box2d\psvita\debug\b2_chain_polygon_contact.o
m:\cmp208\project\build\vs2017\box2d\psvita\debug\b2_circle_contact.o
m:\cmp208\project\build\vs2017\box2d\psvita\debug\b2_contact.o
m:\cmp208\project\build\vs2017\box2d\psvita\debug\b2_contact_manager.o
m:\cmp208\project\build\vs2017\box2d\psvita\debug\b2_contact_solver.o
m:\cmp208\project\build\vs2017\box2d\psvita\debug\b2_distance_joint.o
m:\cmp208\project\build\vs2017\box2d\psvita\debug\b2_edge_circle_contact.o
m:\cmp208\project\build\vs2017\box2d\psvita\debug\b2_edge_polygon_contact.o
m:\cmp208\project\build\vs2017\box2d\psvita\debug\b2_fixture.o
m:\cmp208\project\build\vs2017\box2d\psvita\debug\b2_friction_joint.o
m:\cmp208\project\build\vs2017\box2d\psvita\debug\b2_gear_joint.o
m:\cmp208\project\build\vs2017\box2d\psvita\debug\b2_island.o
m:\cmp208\project\build\vs2017\box2d\psvita\debug\b2_joint.o
m:\cmp208\project\build\vs2017\box2d\psvita\debug\b2_motor_joint.o
m:\cmp208\project\build\vs2017\box2d\psvita\debug\b2_mouse_joint.o
m:\cmp208\project\build\vs2017\box2d\psvita\debug\b2_polygon_circle_contact.o
m:\cmp208\project\build\vs2017\box2d\psvita\debug\b2_polygon_contact.o
m:\cmp208\project\build\vs2017\box2d\psvita\debug\b2_prismatic_joint.o
m:\cmp208\project\build\vs2017\box2d\psvita\debug\b2_pulley_joint.o
m:\cmp208\project\build\vs2017\box2d\psvita\debug\b2_revolute_joint.o
m:\cmp208\project\build\vs2017\box2d\psvita\debug\b2_rope_joint.o
m:\cmp208\project\build\vs2017\box2d\psvita\debug\b2_weld_joint.o
m:\cmp208\project\build\vs2017\box2d\psvita\debug\b2_wheel_joint.o
m:\cmp208\project\build\vs2017\box2d\psvita\debug\b2_world.o
m:\cmp208\project\build\vs2017\box2d\psvita\debug\b2_world_callbacks.o
m:\cmp208\project\build\vs2017\box2d\psvita\debug\b2_rope.o
