f:\c++\cmp208\project\build\vs2017\x64\debug\vc142.pdb
f:\c++\cmp208\project\build\vs2017\x64\debug\vc142.idb
f:\c++\cmp208\project\build\vs2017\x64\debug\scene_app.obj
f:\c++\cmp208\project\build\vs2017\x64\debug\main_d3d11.obj
f:\c++\cmp208\project\build\vs2017\x64\debug\primitive_builder.obj
f:\c++\cmp208\project\build\vs2017\x64\debug\motion_clip_player.obj
f:\c++\cmp208\project\build\vs2017\x64\debug\game_object.obj
f:\c++\cmp208\project\build\vs2017\x64\debug\box2d.pdb
f:\c++\cmp208\project\build\vs2017\x64\debug\gef.pdb
f:\c++\cmp208\project\build\vs2017\x64\debug\gef_d3d11.pdb
f:\c++\cmp208\project\build\vs2017\x64\debug\gef_win32.pdb
f:\c++\cmp208\project\build\vs2017\x64\debug\libpng.pdb
f:\c++\cmp208\project\build\vs2017\x64\debug\scene_app.pdb
f:\c++\cmp208\project\build\vs2017\x64\debug\zlib.pdb
f:\c++\cmp208\project\build\vs2017\x64\debug\scene_app.tlog\cl.command.1.tlog
f:\c++\cmp208\project\build\vs2017\x64\debug\scene_app.tlog\cl.read.1.tlog
f:\c++\cmp208\project\build\vs2017\x64\debug\scene_app.tlog\cl.write.1.tlog
f:\c++\cmp208\project\build\vs2017\x64\debug\scene_app.tlog\link.command.1.tlog
f:\c++\cmp208\project\build\vs2017\x64\debug\scene_app.tlog\link.read.1.tlog
f:\c++\cmp208\project\build\vs2017\x64\debug\scene_app.tlog\link.write.1.tlog
